1680826659858	geckodriver	INFO	Listening on 127.0.0.1:52596
1680826662921	mozrunner::runner	INFO	Running command: "C:\\Program Files\\Mozilla Firefox\\firefox.exe" "--marionette" "--remote-debugging-port" "52597" "--remote-allow-hosts" "localhost" "-no-remote" "-profile" "C:\\Users\\DIEGOB~1\\AppData\\Local\\Temp\\rust_mozprofileE9nuY5"
console.warn: services.settings: Ignoring preference override of remote settings server
console.warn: services.settings: Allow by setting MOZ_REMOTE_SETTINGS_DEVTOOLS=1 in the environment
1680826663556	Marionette	INFO	Marionette enabled
Dynamically enable window occlusion 0
1680826663573	Marionette	INFO	Listening on port 52604
Read port: 52604
WebDriver BiDi listening on ws://127.0.0.1:52597
1680826663944	RemoteAgent	WARN	TLS certificate errors will be ignored for this session
console.warn: SearchSettings: "get: No settings file exists, new profile?" (new NotFoundError("Could not open the file at C:\\Users\\DIEGOB~1\\AppData\\Local\\Temp\\rust_mozprofileE9nuY5\\search.json.mozlz4", (void 0)))
DevTools listening on ws://127.0.0.1:52597/devtools/browser/b29d67da-fd0f-4897-b700-930f1d6ef9cd
console.error: Region.sys.mjs: "Error fetching region" (new Error("TIMEOUT", "resource://gre/modules/Region.sys.mjs", 764))
console.error: Region.sys.mjs: "Failed to fetch region" (new Error("TIMEOUT", "resource://gre/modules/Region.sys.mjs", 416))
1680826827575	Marionette	INFO	Stopped listening on port 52604
Dynamically enable window occlusion 1
!!! error running onStopped callback: TypeError: callback is not a function
[Parent 14856, IPC I/O Parent] WARNING: DuplicateHandle failed for handle 0 in TransferHandles: file /builds/worker/checkouts/gecko/ipc/chromium/src/chrome/common/ipc_channel_win.cc:777
1680828636679	geckodriver	INFO	Listening on 127.0.0.1:52923
1680828639709	mozrunner::runner	INFO	Running command: "C:\\Program Files\\Mozilla Firefox\\firefox.exe" "--marionette" "--remote-debugging-port" "52924" "--remote-allow-hosts" "localhost" "-no-remote" "-profile" "C:\\Users\\DIEGOB~1\\AppData\\Local\\Temp\\rust_mozprofileRzBdyf"
console.warn: services.settings: Ignoring preference override of remote settings server
console.warn: services.settings: Allow by setting MOZ_REMOTE_SETTINGS_DEVTOOLS=1 in the environment
1680828640357	Marionette	INFO	Marionette enabled
Dynamically enable window occlusion 0
1680828640366	Marionette	INFO	Listening on port 52931
Read port: 52931
WebDriver BiDi listening on ws://127.0.0.1:52924
1680828640718	RemoteAgent	WARN	TLS certificate errors will be ignored for this session
console.warn: SearchSettings: "get: No settings file exists, new profile?" (new NotFoundError("Could not open the file at C:\\Users\\DIEGOB~1\\AppData\\Local\\Temp\\rust_mozprofileRzBdyf\\search.json.mozlz4", (void 0)))
DevTools listening on ws://127.0.0.1:52924/devtools/browser/d3542b0a-bcd4-4bf6-a562-f8f4e3b5d1f5
1680828854736	Marionette	INFO	Stopped listening on port 52931
Dynamically enable window occlusion 1
!!! error running onStopped callback: TypeError: callback is not a function
1681012747829	geckodriver	INFO	Listening on 127.0.0.1:62551
1681012750555	mozrunner::runner	INFO	Running command: "C:\\Program Files\\Mozilla Firefox\\firefox.exe" "--marionette" "--remote-debugging-port" "62552" "--remote-allow-hosts" "localhost" "-no-remote" "-profile" "C:\\Users\\DIEGOB~1\\AppData\\Local\\Temp\\rust_mozprofileqDX2P3"
console.warn: services.settings: Ignoring preference override of remote settings server
console.warn: services.settings: Allow by setting MOZ_REMOTE_SETTINGS_DEVTOOLS=1 in the environment
1681012754235	Marionette	INFO	Marionette enabled
Dynamically enable window occlusion 0
1681012754270	Marionette	INFO	Listening on port 62561
Read port: 62561
WebDriver BiDi listening on ws://127.0.0.1:62552
1681012758320	RemoteAgent	WARN	TLS certificate errors will be ignored for this session
console.warn: SearchSettings: "get: No settings file exists, new profile?" (new NotFoundError("Could not open the file at C:\\Users\\DIEGOB~1\\AppData\\Local\\Temp\\rust_mozprofileqDX2P3\\search.json.mozlz4", (void 0)))
DevTools listening on ws://127.0.0.1:62552/devtools/browser/02e76f6e-dff8-4c48-bc43-def8bc92e447
console.error: (new TypeError("this._searchProviderInfo is null", "resource:///modules/SearchSERPTelemetry.sys.mjs", 468))
1681012817308	Marionette	INFO	Stopped listening on port 62561
Dynamically enable window occlusion 1
1681013224280	geckodriver	INFO	Listening on 127.0.0.1:62632
1681013227391	mozrunner::runner	INFO	Running command: "C:\\Program Files\\Mozilla Firefox\\firefox.exe" "--marionette" "--remote-debugging-port" "62633" "--remote-allow-hosts" "localhost" "-no-remote" "-profile" "C:\\Users\\DIEGOB~1\\AppData\\Local\\Temp\\rust_mozprofileXX24ql"
console.warn: services.settings: Ignoring preference override of remote settings server
console.warn: services.settings: Allow by setting MOZ_REMOTE_SETTINGS_DEVTOOLS=1 in the environment
1681013228110	Marionette	INFO	Marionette enabled
Dynamically enable window occlusion 0
1681013228120	Marionette	INFO	Listening on port 62641
Read port: 62641
WebDriver BiDi listening on ws://127.0.0.1:62633
1681013228464	RemoteAgent	WARN	TLS certificate errors will be ignored for this session
console.warn: SearchSettings: "get: No settings file exists, new profile?" (new NotFoundError("Could not open the file at C:\\Users\\DIEGOB~1\\AppData\\Local\\Temp\\rust_mozprofileXX24ql\\search.json.mozlz4", (void 0)))
DevTools listening on ws://127.0.0.1:62633/devtools/browser/1315c942-fd54-4ace-b404-9d997074f5c5
console.error: (new TypeError("this._searchProviderInfo is null", "resource:///modules/SearchSERPTelemetry.sys.mjs", 468))
1681013278455	Marionette	INFO	Stopped listening on port 62641
Dynamically enable window occlusion 1
WARNING: A blocker encountered an error while we were waiting.
          Blocker:  Waiting for ping task
          Phase: TelemetryController: Waiting for pending ping activity
          State: (none)
WARNING: Error: Phase "profile-before-change" is finished, it is too late to register completion condition "OS.File: flush I/O queued before profileBeforeChange"
WARNING: addBlocker@resource://gre/modules/AsyncShutdown.sys.mjs:727:15
addBlocker@resource://gre/modules/AsyncShutdown.sys.mjs:523:26
addBlocker@resource://gre/modules/AsyncShutdown.sys.mjs:458:15
setupShutdown@resource://gre/modules/osfile/osfile_async_front.jsm:1548:28
@resource://gre/modules/osfile/osfile_async_front.jsm:1568:16
@resource://gre/modules/osfile.jsm:12:30
@resource://gre/modules/TelemetryStorage.sys.mjs:10:28
_checkPendingPings@resource://gre/modules/TelemetrySend.sys.mjs:863:17
setup@resource://gre/modules/TelemetrySend.sys.mjs:803:18
setup@resource://gre/modules/TelemetrySend.sys.mjs:241:30
setupTelemetry/this._delayedInitTask<@resource://gre/modules/TelemetryControllerParent.sys.mjs:828:36
observe@resource://gre/modules/AsyncShutdown.sys.mjs:576:16

console.error: "TelemetryScheduler.shutdown - Already shut down"
WARNING: A blocker encountered an error while we were waiting.
          Blocker:  Waiting for ping task
          Phase: TelemetryController: Waiting for pending ping activity
          State: (none)
WARNING: Error: Phase "profile-before-change" is finished, it is too late to register completion condition "OS.File: flush I/O queued before profileBeforeChange"
WARNING: addBlocker@resource://gre/modules/AsyncShutdown.sys.mjs:727:15
addBlocker@resource://gre/modules/AsyncShutdown.sys.mjs:523:26
addBlocker@resource://gre/modules/AsyncShutdown.sys.mjs:458:15
setupShutdown@resource://gre/modules/osfile/osfile_async_front.jsm:1548:28
@resource://gre/modules/osfile/osfile_async_front.jsm:1568:16
@resource://gre/modules/osfile.jsm:12:30
@resource://gre/modules/TelemetryStorage.sys.mjs:10:28
_checkPendingPings@resource://gre/modules/TelemetrySend.sys.mjs:863:17
setup@resource://gre/modules/TelemetrySend.sys.mjs:803:18
setup@resource://gre/modules/TelemetrySend.sys.mjs:241:30
setupTelemetry/this._delayedInitTask<@resource://gre/modules/TelemetryControllerParent.sys.mjs:828:36
observe@resource://gre/modules/AsyncShutdown.sys.mjs:576:16

WARNING: A blocker encountered an error while we were waiting.
          Blocker:  Waiting for ping task
          Phase: TelemetryController: Waiting for pending ping activity
          State: (none)
WARNING: Error: Phase "profile-before-change" is finished, it is too late to register completion condition "OS.File: flush I/O queued before profileBeforeChange"
WARNING: addBlocker@resource://gre/modules/AsyncShutdown.sys.mjs:727:15
addBlocker@resource://gre/modules/AsyncShutdown.sys.mjs:523:26
addBlocker@resource://gre/modules/AsyncShutdown.sys.mjs:458:15
setupShutdown@resource://gre/modules/osfile/osfile_async_front.jsm:1548:28
@resource://gre/modules/osfile/osfile_async_front.jsm:1568:16
@resource://gre/modules/osfile.jsm:12:30
@resource://gre/modules/TelemetryStorage.sys.mjs:10:28
_checkPendingPings@resource://gre/modules/TelemetrySend.sys.mjs:863:17
setup@resource://gre/modules/TelemetrySend.sys.mjs:803:18
setup@resource://gre/modules/TelemetrySend.sys.mjs:241:30
setupTelemetry/this._delayedInitTask<@resource://gre/modules/TelemetryControllerParent.sys.mjs:828:36
observe@resource://gre/modules/AsyncShutdown.sys.mjs:576:16

WARNING: A blocker encountered an error while we were waiting.
          Blocker:  TelemetryController: shutting down
          Phase: profile-before-change-telemetry
          State: Error getting state: Error: Phase "profile-before-change" is finished, it is too late to register completion condition "OS.File: flush I/O queued before profileBeforeChange" at addBlocker@resource://gre/modules/AsyncShutdown.sys.mjs:727:15
addBlocker@resource://gre/modules/AsyncShutdown.sys.mjs:523:26
addBlocker@resource://gre/modules/AsyncShutdown.sys.mjs:458:15
setupShutdown@resource://gre/modules/osfile/osfile_async_front.jsm:1548:28
@resource://gre/modules/osfile/osfile_async_front.jsm:1568:16
@resource://gre/modules/osfile.jsm:12:30
@resource://gre/modules/TelemetryStorage.sys.mjs:10:28
_checkPendingPings@resource://gre/modules/TelemetrySend.sys.mjs:863:17
setup@resource://gre/modules/TelemetrySend.sys.mjs:803:18
setup@resource://gre/modules/TelemetrySend.sys.mjs:241:30
setupTelemetry/this._delayedInitTask<@resource://gre/modules/TelemetryControllerParent.sys.mjs:828:36
observe@resource://gre/modules/AsyncShutdown.sys.mjs:576:16

WARNING: Error: Phase "profile-before-change" is finished, it is too late to register completion condition "OS.File: flush I/O queued before profileBeforeChange"
WARNING: addBlocker@resource://gre/modules/AsyncShutdown.sys.mjs:727:15
addBlocker@resource://gre/modules/AsyncShutdown.sys.mjs:523:26
addBlocker@resource://gre/modules/AsyncShutdown.sys.mjs:458:15
setupShutdown@resource://gre/modules/osfile/osfile_async_front.jsm:1548:28
@resource://gre/modules/osfile/osfile_async_front.jsm:1568:16
@resource://gre/modules/osfile.jsm:12:30
@resource://gre/modules/TelemetryStorage.sys.mjs:10:28
_checkPendingPings@resource://gre/modules/TelemetrySend.sys.mjs:863:17
setup@resource://gre/modules/TelemetrySend.sys.mjs:803:18
setup@resource://gre/modules/TelemetrySend.sys.mjs:241:30
setupTelemetry/this._delayedInitTask<@resource://gre/modules/TelemetryControllerParent.sys.mjs:828:36
observe@resource://gre/modules/AsyncShutdown.sys.mjs:576:16

JavaScript error: resource://gre/modules/AsyncShutdown.sys.mjs, line 727: Error: Phase "profile-before-change" is finished, it is too late to register completion condition "OS.File: flush I/O queued before profileBeforeChange"
JavaScript error: resource://gre/modules/AsyncShutdown.sys.mjs, line 727: Error: Phase "profile-before-change" is finished, it is too late to register completion condition "OS.File: flush I/O queued before profileBeforeChange"
JavaScript error: resource://gre/modules/AsyncShutdown.sys.mjs, line 727: Error: Phase "profile-before-change" is finished, it is too late to register completion condition "OS.File: flush I/O queued before profileBeforeChange"
JavaScript error: resource://gre/modules/AsyncShutdown.sys.mjs, line 727: Error: Phase "profile-before-change" is finished, it is too late to register completion condition "OS.File: flush I/O queued before profileBeforeChange"
JavaScript error: resource://gre/modules/AsyncShutdown.sys.mjs, line 727: Error: Phase "profile-before-change" is finished, it is too late to register completion condition "OS.File: flush I/O queued before profileBeforeChange"
JavaScript error: resource://gre/modules/AsyncShutdown.sys.mjs, line 727: Error: Phase "profile-before-change" is finished, it is too late to register completion condition "OS.File: flush I/O queued before profileBeforeChange"
1681013390297	geckodriver	INFO	Listening on 127.0.0.1:62695
1681013393390	mozrunner::runner	INFO	Running command: "C:\\Program Files\\Mozilla Firefox\\firefox.exe" "--marionette" "--remote-debugging-port" "62696" "--remote-allow-hosts" "localhost" "-no-remote" "-profile" "C:\\Users\\DIEGOB~1\\AppData\\Local\\Temp\\rust_mozprofiledecF8K"
console.warn: services.settings: Ignoring preference override of remote settings server
console.warn: services.settings: Allow by setting MOZ_REMOTE_SETTINGS_DEVTOOLS=1 in the environment
1681013394128	Marionette	INFO	Marionette enabled
Dynamically enable window occlusion 0
1681013394143	Marionette	INFO	Listening on port 62703
Read port: 62703
WebDriver BiDi listening on ws://127.0.0.1:62696
1681013394578	RemoteAgent	WARN	TLS certificate errors will be ignored for this session
console.warn: SearchSettings: "get: No settings file exists, new profile?" (new NotFoundError("Could not open the file at C:\\Users\\DIEGOB~1\\AppData\\Local\\Temp\\rust_mozprofiledecF8K\\search.json.mozlz4", (void 0)))
DevTools listening on ws://127.0.0.1:62696/devtools/browser/db54f094-d8bc-4d5e-801f-43b8b841b74d
console.error: (new TypeError("this._searchProviderInfo is null", "resource:///modules/SearchSERPTelemetry.sys.mjs", 468))
1681013462978	Marionette	INFO	Stopped listening on port 62703
Dynamically enable window occlusion 1
1681015188009	geckodriver	INFO	Listening on 127.0.0.1:62911
1681015191057	mozrunner::runner	INFO	Running command: "C:\\Program Files\\Mozilla Firefox\\firefox.exe" "--marionette" "--remote-debugging-port" "62912" "--remote-allow-hosts" "localhost" "-no-remote" "-profile" "C:\\Users\\DIEGOB~1\\AppData\\Local\\Temp\\rust_mozprofileSrWeD8"
console.warn: services.settings: Ignoring preference override of remote settings server
console.warn: services.settings: Allow by setting MOZ_REMOTE_SETTINGS_DEVTOOLS=1 in the environment
1681015192000	Marionette	INFO	Marionette enabled
Dynamically enable window occlusion 0
1681015192013	Marionette	INFO	Listening on port 62920
Read port: 62920
WebDriver BiDi listening on ws://127.0.0.1:62912
1681015192399	RemoteAgent	WARN	TLS certificate errors will be ignored for this session
console.warn: SearchSettings: "get: No settings file exists, new profile?" (new NotFoundError("Could not open the file at C:\\Users\\DIEGOB~1\\AppData\\Local\\Temp\\rust_mozprofileSrWeD8\\search.json.mozlz4", (void 0)))
DevTools listening on ws://127.0.0.1:62912/devtools/browser/f5ea99f6-3294-44c6-bb6d-336871e416e3
console.error: (new TypeError("this._searchProviderInfo is null", "resource:///modules/SearchSERPTelemetry.sys.mjs", 468))
1681016381319	Marionette	INFO	Stopped listening on port 62920
Dynamically enable window occlusion 1
ng command: "C:\\Program Files\\Mozilla Firefox\\firefox.exe" "--marionette" "--remote-debugging-port" "63044" "--remote-allow-hosts" "localhost" "-no-remote" "-profile" "C:\\Users\\DIEGOB~1\\AppData\\Local\\Temp\\rust_mozprofile7OCFdy"
console.warn: services.settings: Ignoring preference override of remote settings server
console.warn: services.settings: Allow by setting MOZ_REMOTE_SETTINGS_DEVTOOLS=1 in the environment
1681016219906	Marionette	INFO	Marionette enabled
Dynamically enable window occlusion 0
1681016219916	Marionette	INFO	Listening on port 63052
Read port: 63052
WebDriver BiDi listening on ws://127.0.0.1:63044
1681016220444	RemoteAgent	WARN	TLS certificate errors will be ignored for this session
console.warn: SearchSettings: "get: No settings file exists, new profile?" (new NotFoundError("Could not open the file at C:\\Users\\DIEGOB~1\\AppData\\Local\\Temp\\rust_mozprofile7OCFdy\\search.json.mozlz4", (void 0)))
DevTools listening on ws://127.0.0.1:63044/devtools/browser/d217c440-11e7-4d7e-8bd4-039f05969067
1681016383829	Marionette	INFO	Stopped listening on port 63052
Dynamically enable window occlusion 1
ng command: "C:\\Program Files\\Mozilla Firefox\\firefox.exe" "--marionette" "--remote-debugging-port" "63112" "--remote-allow-hosts" "localhost" "-no-remote" "-profile" "C:\\Users\\DIEGOB~1\\AppData\\Local\\Temp\\rust_mozprofileoTOJkm"
console.warn: services.settings: Ignoring preference override of remote settings server
console.warn: services.settings: Allow by setting MOZ_REMOTE_SETTINGS_DEVTOOLS=1 in the environment
1681016377303	Marionette	INFO	Marionette enabled
Dynamically enable window occlusion 0
1681016377436	Marionette	INFO	Listening on port 63121
Read port: 63121
WebDriver BiDi listening on ws://127.0.0.1:63112
1681016378379	RemoteAgent	WARN	TLS certificate errors will be ignored for this session
console.warn: SearchSettings: "get: No settings file exists, new profile?" (new NotFoundError("Could not open the file at C:\\Users\\DIEGOB~1\\AppData\\Local\\Temp\\rust_mozprofileoTOJkm\\search.json.mozlz4", (void 0)))
DevTools listening on ws://127.0.0.1:63112/devtools/browser/eebd759c-8f0a-420c-9c94-b05f86521c4d
console.error: (new TypeError("this._searchProviderInfo is null", "resource:///modules/SearchSERPTelemetry.sys.mjs", 468))
1681016491228	Marionette	INFO	Stopped listening on port 63121
Dynamically enable window occlusion 1
1681016514872	geckodriver	INFO	Listening on 127.0.0.1:63180
1681016517902	mozrunner::runner	INFO	Running command: "C:\\Program Files\\Mozilla Firefox\\firefox.exe" "--marionette" "--remote-debugging-port" "63181" "--remote-allow-hosts" "localhost" "-no-remote" "-profile" "C:\\Users\\DIEGOB~1\\AppData\\Local\\Temp\\rust_mozprofileNBF7qr"
console.warn: services.settings: Ignoring preference override of remote settings server
console.warn: services.settings: Allow by setting MOZ_REMOTE_SETTINGS_DEVTOOLS=1 in the environment
1681016518705	Marionette	INFO	Marionette enabled
Dynamically enable window occlusion 0
1681016518716	Marionette	INFO	Listening on port 63189
Read port: 63189
WebDriver BiDi listening on ws://127.0.0.1:63181
1681016519105	RemoteAgent	WARN	TLS certificate errors will be ignored for this session
console.warn: SearchSettings: "get: No settings file exists, new profile?" (new NotFoundError("Could not open the file at C:\\Users\\DIEGOB~1\\AppData\\Local\\Temp\\rust_mozprofileNBF7qr\\search.json.mozlz4", (void 0)))
DevTools listening on ws://127.0.0.1:63181/devtools/browser/7a5b4c25-7858-46d0-8949-a86f79954f4e
console.error: (new TypeError("this._searchProviderInfo is null", "resource:///modules/SearchSERPTelemetry.sys.mjs", 468))
[Child 21848, MediaDecoderStateMachine #2] WARNING: Decoder=2242c399700 state=DECODING_METADATA Decode metadata failed, shutting down decoder: file /builds/worker/checkouts/gecko/dom/media/MediaDecoderStateMachine.cpp:372
[Child 21848, MediaDecoderStateMachine #2] WARNING: Decoder=2242c399700 Decode error: NS_ERROR_DOM_MEDIA_METADATA_ERR (0x806e0006): file /builds/worker/checkouts/gecko/dom/media/MediaDecoderStateMachineBase.cpp:164
n: services.settings: Allow by setting MOZ_REMOTE_SETTINGS_DEVTOOLS=1 in the environment
1681016754807	Marionette	INFO	Marionette enabled
Dynamically enable window occlusion 0
1681016754825	Marionette	INFO	Listening on port 63264
Read port: 63264
WebDriver BiDi listening on ws://127.0.0.1:63257
1681016755239	RemoteAgent	WARN	TLS certificate errors will be ignored for this session
console.warn: SearchSettings: "get: No settings file exists, new profile?" (new NotFoundError("Could not open the file at C:\\Users\\DIEGOB~1\\AppData\\Local\\Temp\\rust_mozprofileaX8DwD\\search.json.mozlz4", (void 0)))
console.error: Region.sys.mjs: "Error fetching region" (new Error("TIMEOUT", "resource://gre/modules/Region.sys.mjs", 764))
console.error: Region.sys.mjs: "Failed to fetch region" (new Error("TIMEOUT", "resource://gre/modules/Region.sys.mjs", 416))
DevTools listening on ws://127.0.0.1:63257/devtools/browser/19af0316-18cf-4a13-bcbb-be27845286cf
console.error: (new TypeError("this._searchProviderInfo is null", "resource:///modules/SearchSERPTelemetry.sys.mjs", 468))
1681016834402	geckodriver	INFO	Listening on 127.0.0.1:63324
1681016837416	mozrunner::runner	INFO	Running command: "C:\\Program Files\\Mozilla Firefox\\firefox.exe" "--marionette" "--remote-debugging-port" "63325" "--remote-allow-hosts" "localhost" "-no-remote" "-profile" "C:\\Users\\DIEGOB~1\\AppData\\Local\\Temp\\rust_mozprofileWmdu3j"
console.warn: services.settings: Ignoring preference override of remote settings server
console.warn: services.settings: Allow by setting MOZ_REMOTE_SETTINGS_DEVTOOLS=1 in the environment
1681016838384	Marionette	INFO	Marionette enabled
Dynamically enable window occlusion 0
1681016838410	Marionette	INFO	Listening on port 63332
Read port: 63332
Read port: 63332
WebDriver BiDi listening on ws://127.0.0.1:63325
1681016844225	RemoteAgent	WARN	TLS certificate errors will be ignored for this session
console.warn: SearchSettings: "get: No settings file exists, new profile?" (new NotFoundError("Could not open the file at C:\\Users\\DIEGOB~1\\AppData\\Local\\Temp\\rust_mozprofileWmdu3j\\search.json.mozlz4", (void 0)))
DevTools listening on ws://127.0.0.1:63325/devtools/browser/11eaa0ae-c847-4dc8-ae4f-15fdd49ec545
console.error: (new TypeError("this._searchProviderInfo is null", "resource:///modules/SearchSERPTelemetry.sys.mjs", 468))
1681028465338	geckodriver	INFO	Listening on 127.0.0.1:64413
1681028468360	mozrunner::runner	INFO	Running command: "C:\\Program Files\\Mozilla Firefox\\firefox.exe" "--marionette" "--remote-debugging-port" "64414" "--remote-allow-hosts" "localhost" "-no-remote" "-profile" "C:\\Users\\DIEGOB~1\\AppData\\Local\\Temp\\rust_mozprofileshaKal"
console.warn: services.settings: Ignoring preference override of remote settings server
console.warn: services.settings: Allow by setting MOZ_REMOTE_SETTINGS_DEVTOOLS=1 in the environment
1681028469109	Marionette	INFO	Marionette enabled
Dynamically enable window occlusion 0
1681028469120	Marionette	INFO	Listening on port 64423
Read port: 64423
WebDriver BiDi listening on ws://127.0.0.1:64414
1681028469659	RemoteAgent	WARN	TLS certificate errors will be ignored for this session
console.warn: SearchSettings: "get: No settings file exists, new profile?" (new NotFoundError("Could not open the file at C:\\Users\\DIEGOB~1\\AppData\\Local\\Temp\\rust_mozprofileshaKal\\search.json.mozlz4", (void 0)))
DevTools listening on ws://127.0.0.1:64414/devtools/browser/3ee81cc9-d6bc-4089-b978-1706acea7d7d
console.error: (new TypeError("this._searchProviderInfo is null", "resource:///modules/SearchSERPTelemetry.sys.mjs", 468))
JavaScript error: resource://gre/modules/AsyncShutdown.sys.mjs, line 576: NotFoundError: No such JSWindowActor 'DevToolsFrame'
1681028552496	Marionette	INFO	Stopped listening on port 64423
Dynamically enable window occlusion 1
[Parent 19424, IPC I/O Parent] WARNING: DuplicateHandle failed for handle 0 in TransferHandles: file /builds/worker/checkouts/gecko/ipc/chromium/src/chrome/common/ipc_channel_win.cc:777
1681028574483	geckodriver	INFO	Listening on 127.0.0.1:64483
1681028577542	mozrunner::runner	INFO	Running command: "C:\\Program Files\\Mozilla Firefox\\firefox.exe" "--marionette" "--remote-debugging-port" "64484" "--remote-allow-hosts" "localhost" "-no-remote" "-profile" "C:\\Users\\DIEGOB~1\\AppData\\Local\\Temp\\rust_mozprofilefcYshF"
console.warn: services.settings: Ignoring preference override of remote settings server
console.warn: services.settings: Allow by setting MOZ_REMOTE_SETTINGS_DEVTOOLS=1 in the environment
1681028579984	Marionette	INFO	Marionette enabled
Dynamically enable window occlusion 0
1681028579994	Marionette	INFO	Listening on port 64491
Read port: 64491
WebDriver BiDi listening on ws://127.0.0.1:64484
1681028580673	RemoteAgent	WARN	TLS certificate errors will be ignored for this session
console.warn: SearchSettings: "get: No settings file exists, new profile?" (new NotFoundError("Could not open the file at C:\\Users\\DIEGOB~1\\AppData\\Local\\Temp\\rust_mozprofilefcYshF\\search.json.mozlz4", (void 0)))
DevTools listening on ws://127.0.0.1:64484/devtools/browser/012cb26b-28d7-4b0b-b452-d7756c130321
console.error: (new TypeError("this._searchProviderInfo is null", "resource:///modules/SearchSERPTelemetry.sys.mjs", 468))
JavaScript error: resource://gre/modules/AsyncShutdown.sys.m1681028796505	mozrunner::runner	INFO	Running command: "C:\\Program Files\\Mozilla Firefox\\firefox.exe" "--marionette" "--remote-debugging-port" "64554" "--remote-allow-hosts" "localhost" "-no-remote" "-profile" "C:\\Users\\DIEGOB~1\\AppData\\Local\\Temp\\rust_mozprofile0swuk6"
console.warn: services.settings: Ignoring preference override of remote settings server
console.warn: services.settings: Allow by setting MOZ_REMOTE_SETTINGS_DEVTOOLS=1 in the environment
1681028797245	Marionette	INFO	Marionette enabled
Dynamically enable window occlusion 0
1681028797257	Marionette	INFO	Listening on port 64561
Read port: 64561
WebDriver BiDi listening on ws://127.0.0.1:64554
1681028797709	RemoteAgent	WARN	TLS certificate errors will be ignored for this session
console.warn: SearchSettings: "get: No settings file exists, new profile?" (new NotFoundError("Could not open the file at C:\\Users\\DIEGOB~1\\AppData\\Local\\Temp\\rust_mozprofile0swuk6\\search.json.mozlz4", (void 0)))
DevTools listening on ws://127.0.0.1:64554/devtools/browser/d14e4dda-1eb1-4329-bd2c-e83ac6d14848
console.error: (new TypeError("this._searchProviderInfo is null", "resource:///modules/SearchSERPTelemetry.sys.mjs", 468))
JavaScript error: resource://gre/modules/AsyncShutdown.sys.mjs, line 576: NotFoundError: No such JSWindowActor 'DevToolsFrame'
1681029602652	Marionette	INFO	Stopped listening on port 64561
Dynamically enable window occlusion 1
1681029681420	geckodriver	INFO	Listening on 127.0.0.1:64724
1681029684475	mozrunner::runner	INFO	Running command: "C:\\Program Files\\Mozilla Firefox\\firefox.exe" "--marionette" "--remote-debugging-port" "64725" "--remote-allow-hosts" "localhost" "-no-remote" "-profile" "C:\\Users\\DIEGOB~1\\AppData\\Local\\Temp\\rust_mozprofilell6SOi"
console.warn: services.settings: Ignoring preference override of remote settings server
console.warn: services.settings: Allow by setting MOZ_REMOTE_SETTINGS_DEVTOOLS=1 in the environment
1681029685143	Marionette	INFO	Marionette enabled
Dynamically enable window occlusion 0
1681029685154	Marionette	INFO	Listening on port 64732
Read port: 64732
WebDriver BiDi listening on ws://127.0.0.1:64725
1681029685583	RemoteAgent	WARN	TLS certificate errors will be ignored for this session
console.warn: SearchSettings: "get: No settings file exists, new profile?" (new NotFoundError("Could not open the file at C:\\Users\\DIEGOB~1\\AppData\\Local\\Temp\\rust_mozprofilell6SOi\\search.json.mozlz4", (void 0)))
console.error: Region.sys.mjs: "Error fetching region" (new Error("TIMEOUT", "resource://gre/modules/Region.sys.mjs", 764))
console.error: Region.sys.mjs: "Failed to fetch region" (new Error("TIMEOUT", "resource://gre/modules/Region.sys.mjs", 416))
DevTools listening on ws://127.0.0.1:64725/devtools/browser/86b79d67-292b-44eb-8d0f-4da805444520
console.error: (new TypeError("NetworkError: Network request failed", "resource://services-settings/Utils.jsm", 237))
1681029746589	Marionette	INFO	Stopped listening on port 64732
Dynamically enable window occlusion 1
!!! error running onStopped callback: TypeError: callback is not a function
1681029774721	geckodriver	INFO	Listening on 127.0.0.1:64792
1681029777806	mozrunner::runner	INFO	Running command: "C:\\Program Files\\Mozilla Firefox\\firefox.exe" "--marionette" "--remote-debugging-port" "64793" "--remote-allow-hosts" "localhost" "-no-remote" "-profile" "C:\\Users\\DIEGOB~1\\AppData\\Local\\Temp\\rust_mozprofile03LPy8"
console.warn: services.settings: Ignoring preference override of remote settings server
console.warn: services.settings: Allow by setting MOZ_REMOTE_SETTINGS_DEVTOOLS=1 in the environment
1681029778452	Marionette	INFO	Marionette enabled
Dynamically enable window occlusion 0
1681029778462	Marionette	INFO	Listening on port 64800
Read port: 64800
WebDriver BiDi listening on ws://127.0.0.1:64793
1681029778825	RemoteAgent	WARN	TLS certificate errors will be ignored for this session
console.warn: SearchSettings: "get: No settings file exists, new profile?" (new NotFoundError("Could not open the file at C:\\Users\\DIEGOB~1\\AppData\\Local\\Temp\\rust_mozprofile03LPy8\\search.json.mozlz4", (void 0)))
DevTools listening on ws://127.0.0.1:64793/devtools/browser/77c7aef2-555d-47d3-8168-50b1e203b705
console.error: (new TypeError("this._searchProviderInfo is null", "resource:///modules/SearchSERPTelemetry.sys.mjs", 468))
1681029836409	Marionette	INFO	Stopped listening on port 64800
Dynamically enable window occlusion 1
!!! error running onStopped callback: TypeError: callback is not a function
*** UTM:SVC TimerManager:registerTimer called after profile-before-change notification. Ignoring timer registration for id: telemetry_modules_ping
*** UTM:SVC TimerManager:registerTimer called after profile-before-change notification. Ignoring timer registration for id: telemetry_untrustedmodules_ping
1681030127414	geckodriver	INFO	Listening on 127.0.0.1:64896
1681030130483	mozrunner::runner	INFO	Running command: "C:\\Program Files\\Mozilla Firefox\\firefox.exe" "--marionette" "--remote-debugging-port" "64897" "--remote-allow-hosts" "localhost" "-no-remote" "-profile" "C:\\Users\\DIEGOB~1\\AppData\\Local\\Temp\\rust_mozprofile3iqqLi"
console.warn: services.settings: Ignoring preference override of remote settings server
console.warn: services.settings: Allow by setting MOZ_REMOTE_SETTINGS_DEVTOOLS=1 in the environment
1681030131129	Marionette	INFO	Marionette enabled
Dynamically enable window occlusion 0
1681030131140	Marionette	INFO	Listening on port 64904
Read port: 64904
WebDriver BiDi listening on ws://127.0.0.1:64897
1681030131507	RemoteAgent	WARN	TLS certificate errors will be ignored for this session
console.warn: SearchSettings: "get: No settings file exists, new profile?" (new NotFoundError("Could not open the file at C:\\Users\\DIEGOB~1\\AppData\\Local\\Temp\\rust_mozprofile3iqqLi\\search.json.mozlz4", (void 0)))
DevTools listening on ws://127.0.0.1:64897/devtools/browser/f0e4aa9d-aa11-4e4b-9b45-dda2b5648303
1681030196672	Marionette	INFO	Stopped listening on port 64904
Dynamically enable window occlusion 1
1681030443258	geckodriver	INFO	Listening on 127.0.0.1:64995
1681030446320	mozrunner::runner	INFO	Running command: "C:\\Program Files\\Mozilla Firefox\\firefox.exe" "--marionette" "--remote-debugging-port" "64996" "--remote-allow-hosts" "localhost" "-no-remote" "-profile" "C:\\Users\\DIEGOB~1\\AppData\\Local\\Temp\\rust_mozprofileonfZi9"
console.warn: services.settings: Ignoring preference override of remote settings server
console.warn: services.settings: Allow by setting MOZ_REMOTE_SETTINGS_DEVTOOLS=1 in the environment
1681030446966	Marionette	INFO	Marionette enabled
Dynamically enable window occlusion 0
1681030446975	Marionette	INFO	Listening on port 65004
Read port: 65004
WebDriver BiDi listening on ws://127.0.0.1:64996
1681030447370	RemoteAgent	WARN	TLS certificate errors will be ignored for this session
console.warn: SearchSettings: "get: No settings file exists, new profile?" (new NotFoundError("Could not open the file at C:\\Users\\DIEGOB~1\\AppData\\Local\\Temp\\rust_mozprofileonfZi9\\search.json.mozlz4", (void 0)))
DevTools listening on ws://127.0.0.1:64996/devtools/browser/b5da2313-ad4a-4dc4-bc1f-2e9ded13427b
console.error: (new TypeError("this._searchProviderInfo is null", "resource:///modules/SearchSERPTelemetry.sys.mjs", 468))
1681030517721	Marionette	INFO	Stopped listening on port 65004
Dynamically enable window occlusion 1
!!! error running onStopped callback: TypeError: callback is not a function
1681030661347	geckodriver	INFO	Listening on 127.0.0.1:65116
1681030664409	mozrunner::runner	INFO	Running command: "C:\\Program Files\\Mozilla Firefox\\firefox.exe" "--marionette" "--remote-debugging-port" "65117" "--remote-allow-hosts" "localhost" "-no-remote" "-profile" "C:\\Users\\DIEGOB~1\\AppData\\Local\\Temp\\rust_mozprofileeVA8RD"
console.warn: services.settings: Ignoring preference override of remote settings server
console.warn: services.settings: Allow by setting MOZ_REMOTE_SETTINGS_DEVTOOLS=1 in the environment
1681030665340	Marionette	INFO	Marionette enabled
Dynamically enable window occlusion 0
1681030665351	Marionette	INFO	Listening on port 65124
Read port: 65124
WebDriver BiDi listening on ws://127.0.0.1:65117
1681030666216	RemoteAgent	WARN	TLS certificate errors will be ignored for this session
console.warn: SearchSettings: "get: No settings file exists, new profile?" (new NotFoundError("Could not open the file at C:\\Users\\DIEGOB~1\\AppData\\Local\\Temp\\rust_mozprofileeVA8RD\\search.json.mozlz4", (void 0)))
DevTools listening on ws://127.0.0.1:65117/devtools/browser/6e754ddf-c09b-45d9-95a1-5d2c9c7d6471
console.error: (new TypeError("this._searchProviderInfo is null", "resource:///modules/SearchSERPTelemetry.sys.mjs", 468))
1681030776783	Marionette	INFO	Stopped listening on port 65124
Dynamically enable window occlusion 1
ng command: "C:\\Program Files\\Mozilla Firefox\\firefox.exe" "--marionette" "--remote-debugging-port" "65180" "--remote-allow-hosts" "localhost" "-no-remote" "-profile" "C:\\Users\\DIEGOB~1\\AppData\\Local\\Temp\\rust_mozprofileZqUXPc"
console.warn: services.settings: Ignoring preference override of remote settings server
console.warn: services.settings: Allow by setting MOZ_REMOTE_SETTINGS_DEVTOOLS=1 in the environment
1681030735370	Marionette	INFO	Marionette enabled
Dynamically enable window occlusion 0
1681030735380	Marionette	INFO	Listening on port 65188
Read port: 65188
WebDriver BiDi listening on ws://127.0.0.1:65180
1681030735789	RemoteAgent	WARN	TLS certificate errors will be ignored for this session
console.warn: SearchSettings: "get: No settings file exists, new profile?" (new NotFoundError("Could not open the file at C:\\Users\\DIEGOB~1\\AppData\\Local\\Temp\\rust_mozprofileZqUXPc\\search.json.mozlz4", (void 0)))
DevTools listening on ws://127.0.0.1:65180/devtools/browser/8e19c074-d50a-4205-b20e-a1f9158922b1
console.error: (new TypeError("this._searchProviderInfo is null", "resource:///modules/SearchSERPTelemetry.sys.mjs", 468))
1681030778832	Marionette	INFO	Stopped listening on port 65188
Dynamically enable window occlusion 1
!!! error running onStopped callback: TypeError: callback is not a function
WARNING: A blocker encountered an error while we were waiting.
          Blocker:  Waiting for ping task
          Phase: TelemetryController: Waiting for pending ping activity
          State: (none)
WARNING: Error: Phase "profile-before-change" is finished, it is too late to register completion condition "OS.File: flush I/O queued before profileBeforeChange"
WARNING: addBlocker@resource://gre/modules/AsyncShutdown.sys.mjs:727:15
addBlocker@resource://gre/modules/AsyncShutdown.sys.mjs:523:26
addBlocker@resource://gre/modules/AsyncShutdown.sys.mjs:458:15
setupShutdown@resource://gre/modules/osfile/osfile_async_front.jsm:1548:28
@resource://gre/modules/osfile/osfile_async_front.jsm:1568:16
@resource://gre/modules/osfile.jsm:12:30
@resource://gre/modules/TelemetryStorage.sys.mjs:10:28
_checkPendingPings@resource://gre/modules/TelemetrySend.sys.mjs:863:17
setup@resource://gre/modules/TelemetrySend.sys.mjs:803:18
setup@resource://gre/modules/TelemetrySend.sys.mjs:241:30
setupTelemetry/this._delayedInitTask<@resource://gre/modules/TelemetryControllerParent.sys.mjs:828:36
observe@resource://gre/modules/AsyncShutdown.sys.mjs:576:16

console.error: "TelemetryScheduler.shutdown - Already shut down"
WARNING: A blocker encountered an error while we were waiting.
          Blocker:  Waiting for ping task
          Phase: TelemetryController: Waiting for pending ping activity
          State: (none)
WARNING: Error: Phase "profile-before-change" is finished, it is too late to register completion condition "OS.File: flush I/O queued before profileBeforeChange"
WARNING: addBlocker@resource://gre/modules/AsyncShutdown.sys.mjs:727:15
addBlocker@resource://gre/modules/AsyncShutdown.sys.mjs:523:26
addBlocker@resource://gre/modules/AsyncShutdown.sys.mjs:458:15
setupShutdown@resource://gre/modules/osfile/osfile_async_front.jsm:1548:28
@resource://gre/modules/osfile/osfile_async_front.jsm:1568:16
@resource://gre/modules/osfile.jsm:12:30
@resource://gre/modules/TelemetryStorage.sys.mjs:10:28
_checkPendingPings@resource://gre/modules/TelemetrySend.sys.mjs:863:17
setup@resource://gre/modules/TelemetrySend.sys.mjs:803:18
setup@resource://gre/modules/TelemetrySend.sys.mjs:241:30
setupTelemetry/this._delayedInitTask<@resource://gre/modules/TelemetryControllerParent.sys.mjs:828:36
observe@resource://gre/modules/AsyncShutdown.sys.mjs:576:16

WARNING: A blocker encountered an error while we were waiting.
          Blocker:  Waiting for ping task
          Phase: TelemetryController: Waiting for pending ping activity
          State: (none)
WARNING: Error: Phase "profile-before-change" is finished, it is too late to register completion condition "OS.File: flush I/O queued before profileBeforeChange"
WARNING: addBlocker@resource://gre/modules/AsyncShutdown.sys.mjs:727:15
addBlocker@resource://gre/modules/AsyncShutdown.sys.mjs:523:26
addBlocker@resource://gre/modules/AsyncShutdown.sys.mjs:458:15
setupShutdown@resource://gre/modules/osfile/osfile_async_front.jsm:1548:28
@resource://gre/modules/osfile/osfile_async_front.jsm:1568:16
@resource://gre/modules/osfile.jsm:12:30
@resource://gre/modules/TelemetryStorage.sys.mjs:10:28
_checkPendingPings@resource://gre/modules/TelemetrySend.sys.mjs:863:17
setup@resource://gre/modules/TelemetrySend.sys.mjs:803:18
setup@resource://gre/modules/TelemetrySend.sys.mjs:241:30
setupTelemetry/this._delayedInitTask<@resource://gre/modules/TelemetryControllerParent.sys.mjs:828:36
observe@resource://gre/modules/AsyncShutdown.sys.mjs:576:16

WARNING: A blocker encountered an error while we were waiting.
          Blocker:  TelemetryController: shutting down
          Phase: profile-before-change-telemetry
          State: Error getting state: Error: Phase "profile-before-change" is finished, it is too late to register completion condition "OS.File: flush I/O queued before profileBeforeChange" at addBlocker@resource://gre/modules/AsyncShutdown.sys.mjs:727:15
addBlocker@resource://gre/modules/AsyncShutdown.sys.mjs:523:26
addBlocker@resource://gre/modules/AsyncShutdown.sys.mjs:458:15
setupShutdown@resource://gre/modules/osfile/osfile_async_front.jsm:1548:28
@resource://gre/modules/osfile/osfile_async_front.jsm:1568:16
@resource://gre/modules/osfile.jsm:12:30
@resource://gre/modules/TelemetryStorage.sys.mjs:10:28
_checkPendingPings@resource://gre/modules/TelemetrySend.sys.mjs:863:17
setup@resource://gre/modules/TelemetrySend.sys.mjs:803:18
setup@resource://gre/modules/TelemetrySend.sys.mjs:241:30
setupTelemetry/this._delayedInitTask<@resource://gre/modules/TelemetryControllerParent.sys.mjs:828:36
observe@resource://gre/modules/AsyncShutdown.sys.mjs:576:16

WARNING: Error: Phase "profile-before-change" is finished, it is too late to register completion condition "OS.File: flush I/O queued before profileBeforeChange"
WARNING: addBlocker@resource://gre/modules/AsyncShutdown.sys.mjs:727:15
addBlocker@resource://gre/modules/AsyncShutdown.sys.mjs:523:26
addBlocker@resource://gre/modules/AsyncShutdown.sys.mjs:458:15
setupShutdown@resource://gre/modules/osfile/osfile_async_front.jsm:1548:28
@resource://gre/modules/osfile/osfile_async_front.jsm:1568:16
@resource://gre/modules/osfile.jsm:12:30
@resource://gre/modules/TelemetryStorage.sys.mjs:10:28
_checkPendingPings@resource://gre/modules/TelemetrySend.sys.mjs:863:17
setup@resource://gre/modules/TelemetrySend.sys.mjs:803:18
setup@resource://gre/modules/TelemetrySend.sys.mjs:241:30
setupTelemetry/this._delayedInitTask<@resource://gre/modules/TelemetryControllerParent.sys.mjs:828:36
observe@resource://gre/modules/AsyncShutdown.sys.mjs:576:16

JavaScript error: resource://gre/modules/AsyncShutdown.sys.mjs, line 727: Error: Phase "profile-before-change" is finished, it is too late to register completion condition "OS.File: flush I/O queued before profileBeforeChange"
JavaScript error: resource://gre/modules/AsyncShutdown.sys.mjs, line 727: Error: Phase "profile-before-change" is finished, it is too late to register completion condition "OS.File: flush I/O queued before profileBeforeChange"
JavaScript error: resource://gre/modules/AsyncShutdown.sys.mjs, line 727: Error: Phase "profile-before-change" is finished, it is too late to register completion condition "OS.File: flush I/O queued before profileBeforeChange"
JavaScript error: resource://gre/modules/AsyncShutdown.sys.mjs, line 727: Error: Phase "profile-before-change" is finished, it is too late to register completion condition "OS.File: flush I/O queued before profileBeforeChange"
JavaScript error: resource://gre/modules/AsyncShutdown.sys.mjs, line 727: Error: Phase "profile-before-change" is finished, it is too late to register completion condition "OS.File: flush I/O queued before profileBeforeChange"
JavaScript error: resource://gre/modules/AsyncShutdown.sys.mjs, line 727: Error: Phase "profile-before-change" is finished, it is too late to register completion condition "OS.File: flush I/O queued before profileBeforeChange"
1681030787171	geckodriver	INFO	Listening on 127.0.0.1:65229
1681030790383	mozrunner::runner	INFO	Running command: "C:\\Program Files\\Mozilla Firefox\\firefox.exe" "--marionette" "--remote-debugging-port" "65230" "--remote-allow-hosts" "localhost" "-no-remote" "-profile" "C:\\Users\\DIEGOB~1\\AppData\\Local\\Temp\\rust_mozprofile74HCzD"
console.warn: services.settings: Ignoring preference override of remote settings server
console.warn: services.settings: Allow by setting MOZ_REMOTE_SETTINGS_DEVTOOLS=1 in the environment
1681030791501	Marionette	INFO	Marionette enabled
Dynamically enable window occlusion 0
1681030791515	Marionette	INFO	Listening on port 65237
Read port: 65237
WebDriver BiDi listening on ws://127.0.0.1:65230
1681030791959	RemoteAgent	WARN	TLS certificate errors will be ignored for this session
console.warn: SearchSettings: "get: No settings file exists, new profile?" (new NotFoundError("Could not open the file at C:\\Users\\DIEGOB~1\\AppData\\Local\\Temp\\rust_mozprofile74HCzD\\search.json.mozlz4", (void 0)))
DevTools listening on ws://127.0.0.1:65230/devtools/browser/9ad26a02-cd5f-4023-8536-ac4f2f6d68f8
console.error: (new TypeError("this._searchProviderInfo is null", "resource:///modules/SearchSERPTelemetry.sys.mjs", 468))
1681030860378	Marionette	INFO	Stopped listening on port 65237
Dynamically enable window occlusion 1
1681031807097	geckodriver	INFO	Listening on 127.0.0.1:65362
1681031810283	mozrunner::runner	INFO	Running command: "C:\\Program Files\\Mozilla Firefox\\firefox.exe" "--marionette" "--remote-debugging-port" "65363" "--remote-allow-hosts" "localhost" "-no-remote" "-profile" "C:\\Users\\DIEGOB~1\\AppData\\Local\\Temp\\rust_mozprofileWZhwUO"
console.warn: services.settings: Ignoring preference override of remote settings server
console.warn: services.settings: Allow by setting MOZ_REMOTE_SETTINGS_DEVTOOLS=1 in the environment
1681031810963	Marionette	INFO	Marionette enabled
Dynamically enable window occlusion 0
1681031810976	Marionette	INFO	Listening on port 65370
Read port: 65370
WebDriver BiDi listening on ws://127.0.0.1:65363
1681031811347	RemoteAgent	WARN	TLS certificate errors will be ignored for this session
console.warn: SearchSettings: "get: No settings file exists, new profile?" (new NotFoundError("Could not open the file at C:\\Users\\DIEGOB~1\\AppData\\Local\\Temp\\rust_mozprofileWZhwUO\\search.json.mozlz4", (void 0)))
DevTools listening on ws://127.0.0.1:65363/devtools/browser/1d5fb737-fc18-4fea-b516-d024053c8903
console.error: Region.sys.mjs: "Error fetching region" (new Error("TIMEOUT", "resource://gre/modules/Region.sys.mjs", 764))
console.error: Region.sys.mjs: "Failed to fetch region" (new Error("TIMEOUT", "resource://gre/modules/Region.sys.mjs", 416))
JavaScript error: resource://gre/modules/AsyncShutdown.sys.mjs, line 576: NotFoundError: No such JSWindowActor 'DevToolsFrame'
1681031966337	Marionette	INFO	Stopped listening on port 65370
Dynamically enable window occlusion 1
1681032110390	geckodriver	INFO	Listening on 127.0.0.1:65450
1681032113454	mozrunner::runner	INFO	Running command: "C:\\Program Files\\Mozilla Firefox\\firefox.exe" "--marionette" "--remote-debugging-port" "65451" "--remote-allow-hosts" "localhost" "-no-remote" "-profile" "C:\\Users\\DIEGOB~1\\AppData\\Local\\Temp\\rust_mozprofile8P6Enu"
console.warn: services.settings: Ignoring preference override of remote settings server
console.warn: services.settings: Allow by setting MOZ_REMOTE_SETTINGS_DEVTOOLS=1 in the environment
1681032114161	Marionette	INFO	Marionette enabled
Dynamically enable window occlusion 0
1681032114172	Marionette	INFO	Listening on port 65458
Read port: 65458
WebDriver BiDi listening on ws://127.0.0.1:65451
1681032114560	RemoteAgent	WARN	TLS certificate errors will be ignored for this session
console.warn: SearchSettings: "get: No settings file exists, new profile?" (new NotFoundError("Could not open the file at C:\\Users\\DIEGOB~1\\AppData\\Local\\Temp\\rust_mozprofile8P6Enu\\search.json.mozlz4", (void 0)))
DevTools listening on ws://127.0.0.1:65451/devtools/browser/67efc8a2-8c41-43c9-b6a9-c01a1c47dcec
console.error: (new TypeError("this._searchProviderInfo is null", "resource:///modules/SearchSERPTelemetry.sys.mjs", 468))
1681032251449	Marionette	INFO	Stopped listening on port 65458
Dynamically enable window occlusion 1
ng command: "C:\\Program Files\\Mozilla Firefox\\firefox.exe" "--marionette" "--remote-debugging-port" "65511" "--remote-allow-hosts" "localhost" "-no-remote" "-profile" "C:\\Users\\DIEGOB~1\\AppData\\Local\\Temp\\rust_mozprofilez3kJ8M"
console.warn: services.settings: Ignoring preference override of remote settings server
console.warn: services.settings: Allow by setting MOZ_REMOTE_SETTINGS_DEVTOOLS=1 in the environment
1681032245219	Marionette	INFO	Marionette enabled
Dynamically enable window occlusion 0
1681032245228	Marionette	INFO	Listening on port 65518
Read port: 65518
WebDriver BiDi listening on ws://127.0.0.1:65511
1681032245614	RemoteAgent	WARN	TLS certificate errors will be ignored for this session
console.warn: SearchSettings: "get: No settings file exists, new profile?" (new NotFoundError("Could not open the file at C:\\Users\\DIEGOB~1\\AppData\\Local\\Temp\\rust_mozprofilez3kJ8M\\search.json.mozlz4", (void 0)))
console.error: Region.sys.mjs: "Error fetching region" (new AbortError("The operation was aborted. ", (void 0), 762))
console.error: Region.sys.mjs: "Failed to fetch region" (new Error("NO_RESULT", "resource://gre/modules/Region.sys.mjs", 416))
DevTools listening on ws://127.0.0.1:65511/devtools/browser/c44434ff-bc02-44ee-bde6-48e2aea2c6b5
console.error: (new TypeError("this._searchProviderInfo is null", "resource:///modules/SearchSERPTelemetry.sys.mjs", 468))
1681032331176	Marionette	INFO	Stopped listening on port 65511681032332992	mozrunner::runner	INFO	Running command: "C:\\Program Files\\Mozilla Firefox\\firefox.exe" "--marionette" "--remote-debugging-port" "49196" "--remote-allow-hosts" "localhost" "-no-remote" "-profile" "C:\\Users\\DIEGOB~1\\AppData\\Local\\Temp\\rust_mozprofileT5oAbE"
console.warn: services.settings: Ignoring preference override of remote settings server
console.warn: services.settings: Allow by setting MOZ_REMOTE_SETTINGS_DEVTOOLS=1 in the environment
1681032334100	Marionette	INFO	Marionette enabled
Dynamically enable window occlusion 0
1681032334113	Marionette	INFO	Listening on port 49203
Read port: 49203
WebDriver BiDi listening on ws://127.0.0.1:49196
1681032334756	RemoteAgent	WARN	TLS certificate errors will be ignored for this session
console.warn: SearchSettings: "get: No settings file exists, new profile?" (new NotFoundError("Could not open the file at C:\\Users\\DIEGOB~1\\AppData\\Local\\Temp\\rust_mozprofileT5oAbE\\search.json.mozlz4", (void 0)))
console.error: Region.sys.mjs: "Error fetching region" (new Error("TIMEOUT", "resource://gre/modules/Region.sys.mjs", 764))
console.error: Region.sys.mjs: "Failed to fetch region" (new Error("TIMEOUT", "resource://gre/modules/Region.sys.mjs", 416))
DevTools listening on ws://127.0.0.1:49196/devtools/browser/d8f5f4af-4011-4c26-b0f3-bd981f601948
JavaScript error: resource://gre/modules/AsyncShutdown.sys.mjs, line 576: NotFoundError: No such JSWindowActor 'DevToolsFrame'
1681032447310	Marionette	INFO	Stopped listening on port 49203
Dynamically enable window occlusion 1
1681032680797	geckodriver	INFO	Listening on 127.0.0.1:49274
1681032683873	mozrunner::runner	INFO	Running command: "C:\\Program Files\\Mozilla Firefox\\firefox.exe" "--marionette" "--remote-debugging-port" "49275" "--remote-allow-hosts" "localhost" "-no-remote" "-profile" "C:\\Users\\DIEGOB~1\\AppData\\Local\\Temp\\rust_mozprofile7iRIaI"
console.warn: services.settings: Ignoring preference override of remote settings server
console.warn: services.settings: Allow by setting MOZ_REMOTE_SETTINGS_DEVTOOLS=1 in the environment
1681032684585	Marionette	INFO	Marionette enabled
Dynamically enable window occlusion 0
1681032684598	Marionette	INFO	Listening on port 49282
Read port: 49282
WebDriver BiDi listening on ws://127.0.0.1:49275
1681032685012	RemoteAgent	WARN	TLS certificate errors will be ignored for this session
console.warn: SearchSettings: "get: No settings file exists, new profile?" (new NotFoundError("Could not open the file at C:\\Users\\DIEGOB~1\\AppData\\Local\\Temp\\rust_mozprofile7iRIaI\\search.json.mozlz4", (void 0)))
DevTools listening on ws://127.0.0.1:49275/devtools/browser/28f10115-afb6-46b3-9839-82876b285f60
console.error: (new TypeError("this._searchProviderInfo is null", "resource:///modules/SearchSERPTelemetry.sys.mjs", 468))
1681032743456	Marionette	INFO	Stopped listening on port 49282
Dynamically enable window occlusion 1
1681032785769	geckodriver	INFO	Listening on 127.0.0.1:49342
1681032788861	mozrunner::runner	INFO	Running command: "C:\\Program Files\\Mozilla Firefox\\firefox.exe" "--marionette" "--remote-debugging-port" "49343" "--remote-allow-hosts" "localhost" "-no-remote" "-profile" "C:\\Users\\DIEGOB~1\\AppData\\Local\\Temp\\rust_mozprofileZ2PRg5"
console.warn: services.settings: Ignoring preference override of remote settings server
console.warn: services.settings: Allow by setting MOZ_REMOTE_SETTINGS_DEVTOOLS=1 in the environment
1681032789540	Marionette	INFO	Marionette enabled
Dynamically enable window occlusion 0
1681032789551	Marionette	INFO	Listening on port 49350
Read port: 49350
WebDriver BiDi listening on ws://127.0.0.1:49343
1681032789948	RemoteAgent	WARN	TLS certificate errors will be ignored for this session
console.warn: SearchSettings: "get: No settings file exists, new profile?" (new NotFoundError("Could not open the file at C:\\Users\\DIEGOB~1\\AppData\\Local\\Temp\\rust_mozprofileZ2PRg5\\search.json.mozlz4", (void 0)))
DevTools listening on ws://127.0.0.1:49343/devtools/browser/ad7800b0-faf5-481b-82f5-36c2c79b7646
console.error: (new TypeError("this._searchProviderInfo is null", "resource:///modules/SearchSERPTelemetry.sys.mjs", 468))
1681032839636	Marionette	INFO	Stopped listening on port 49350
Dynamically enable window occlusion 1
[Parent 22492, IPC I/O Parent] WARNING: DuplicateHandle failed for handle 0 in TransferHandles: file /builds/worker/checkouts/gecko/ipc/chromium/src/chrome/common/ipc_channel_win.cc:777
WARNING: A blocker encountered an error while we were waiting.
          Blocker:  Waiting for ping task
          Phase: TelemetryController: Waiting for pending ping activity
          State: (none)
WARNING: Error: Phase "profile-before-change" is finished, it is too late to register completion condition "OS.File: flush I/O queued before profileBeforeChange"
WARNING: addBlocker@resource://gre/modules/AsyncShutdown.sys.mjs:727:15
addBlocker@resource://gre/modules/AsyncShutdown.sys.mjs:523:26
addBlocker@resource://gre/modules/AsyncShutdown.sys.mjs:458:15
setupShutdown@resource://gre/modules/osfile/osfile_async_front.jsm:1548:28
@resource://gre/modules/osfile/osfile_async_front.jsm:1568:16
@resource://gre/modules/osfile.jsm:12:30
@resource://gre/modules/TelemetryStorage.sys.mjs:10:28
_checkPendingPings@resource://gre/modules/TelemetrySend.sys.mjs:863:17
setup@resource://gre/modules/TelemetrySend.sys.mjs:803:18
setup@resource://gre/modules/TelemetrySend.sys.mjs:241:30
setupTelemetry/this._delayedInitTask<@resource://gre/modules/TelemetryControllerParent.sys.mjs:828:36
observe@resource://gre/modules/AsyncShutdown.sys.mjs:576:16

console.error: "TelemetryScheduler.shutdown - Already shut down"
WARNING: A blocker encountered an error while we were waiting.
          Blocker:  Waiting for ping task
          Phase: TelemetryController: Waiting for pending ping activity
          State: (none)
WARNING: Error: Phase "profile-before-change" is finished, it is too late to register completion condition "OS.File: flush I/O queued before profileBeforeChange"
WARNING: addBlocker@resource://gre/modules/AsyncShutdown.sys.mjs:727:15
addBlocker@resource://gre/modules/AsyncShutdown.sys.mjs:523:26
addBlocker@resource://gre/modules/AsyncShutdown.sys.mjs:458:15
setupShutdown@resource://gre/modules/osfile/osfile_async_front.jsm:1548:28
@resource://gre/modules/osfile/osfile_async_front.jsm:1568:16
@resource://gre/modules/osfile.jsm:12:30
@resource://gre/modules/TelemetryStorage.sys.mjs:10:28
_checkPendingPings@resource://gre/modules/TelemetrySend.sys.mjs:863:17
setup@resource://gre/modules/TelemetrySend.sys.mjs:803:18
setup@resource://gre/modules/TelemetrySend.sys.mjs:241:30
setupTelemetry/this._delayedInitTask<@resource://gre/modules/TelemetryControllerParent.sys.mjs:828:36
observe@resource://gre/modules/AsyncShutdown.sys.mjs:576:16

WARNING: A blocker encountered an error while we were waiting.
          Blocker:  Waiting for ping task
          Phase: TelemetryController: Waiting for pending ping activity
          State: (none)
WARNING: Error: Phase "profile-before-change" is finished, it is too late to register completion condition "OS.File: flush I/O queued before profileBeforeChange"
WARNING: addBlocker@resource://gre/modules/AsyncShutdown.sys.mjs:727:15
addBlocker@resource://gre/modules/AsyncShutdown.sys.mjs:523:26
addBlocker@resource://gre/modules/AsyncShutdown.sys.mjs:458:15
setupShutdown@resource://gre/modules/osfile/osfile_async_front.jsm:1548:28
@resource://gre/modules/osfile/osfile_async_front.jsm:1568:16
@resource://gre/modules/osfile.jsm:12:30
@resource://gre/modules/TelemetryStorage.sys.mjs:10:28
_checkPendingPings@resource://gre/modules/TelemetrySend.sys.mjs:863:17
setup@resource://gre/modules/TelemetrySend.sys.mjs:803:18
setup@resource://gre/modules/TelemetrySend.sys.mjs:241:30
setupTelemetry/this._delayedInitTask<@resource://gre/modules/TelemetryControllerParent.sys.mjs:828:36
observe@resource://gre/modules/AsyncShutdown.sys.mjs:576:16

WARNING: A blocker encountered an error while we were waiting.
          Blocker:  TelemetryController: shutting down
          Phase: profile-before-change-telemetry
          State: Error getting state: Error: Phase "profile-before-change" is finished, it is too late to register completion condition "OS.File: flush I/O queued before profileBeforeChange" at addBlocker@resource://gre/modules/AsyncShutdown.sys.mjs:727:15
addBlocker@resource://gre/modules/AsyncShutdown.sys.mjs:523:26
addBlocker@resource://gre/modules/AsyncShutdown.sys.mjs:458:15
setupShutdown@resource://gre/modules/osfile/osfile_async_front.jsm:1548:28
@resource://gre/modules/osfile/osfile_async_front.jsm:1568:16
@resource://gre/modules/osfile.jsm:12:30
@resource://gre/modules/TelemetryStorage.sys.mjs:10:28
_checkPendingPings@resource://gre/modules/TelemetrySend.sys.mjs:863:17
setup@resource://gre/modules/TelemetrySend.sys.mjs:803:18
setup@resource://gre/modules/TelemetrySend.sys.mjs:241:30
setupTelemetry/this._delayedInitTask<@resource://gre/modules/TelemetryControllerParent.sys.mjs:828:36
observe@resource://gre/modules/AsyncShutdown.sys.mjs:576:16

WARNING: Error: Phase "profile-before-change" is finished, it is too late to register completion condition "OS.File: flush I/O queued before profileBeforeChange"
WARNING: addBlocker@resource://gre/modules/AsyncShutdown.sys.mjs:727:15
addBlocker@resource://gre/modules/AsyncShutdown.sys.mjs:523:26
addBlocker@resource://gre/modules/AsyncShutdown.sys.mjs:458:15
setupShutdown@resource://gre/modules/osfile/osfile_async_front.jsm:1548:28
@resource://gre/modules/osfile/osfile_async_front.jsm:1568:16
@resource://gre/modules/osfile.jsm:12:30
@resource://gre/modules/TelemetryStorage.sys.mjs:10:28
_checkPendingPings@resource://gre/modules/TelemetrySend.sys.mjs:863:17
setup@resource://gre/modules/TelemetrySend.sys.mjs:803:18
setup@resource://gre/modules/TelemetrySend.sys.mjs:241:30
setupTelemetry/this._delayedInitTask<@resource://gre/modules/TelemetryControllerParent.sys.mjs:828:36
observe@resource://gre/modules/AsyncShutdown.sys.mjs:576:16

JavaScript error: resource://gre/modules/AsyncShutdown.sys.mjs, line 727: Error: Phase "profile-before-change" is finished, it is too late to register completion condition "OS.File: flush I/O queued before profileBeforeChange"
JavaScript error: resource://gre/modules/AsyncShutdown.sys.mjs, line 727: Error: Phase "profile-before-change" is finished, it is too late to register completion condition "OS.File: flush I/O queued before profileBeforeChange"
JavaScript error: resource://gre/modules/AsyncShutdown.sys.mjs, line 727: Error: Phase "profile-before-change" is finished, it is too late to register completion condition "OS.File: flush I/O queued before profileBeforeChange"
JavaScript error: resource://gre/modules/AsyncShutdown.sys.mjs, line 727: Error: Phase "profile-before-change" is finished, it is too late to register completion condition "OS.File: flush I/O queued before profileBeforeChange"
JavaScript error: resource://gre/modules/AsyncShutdown.sys.mjs, line 727: Error: Phase "profile-before-change" is finished, it is too late to register completion condition "OS.File: flush I/O queued before profileBeforeChange"
JavaScript error: resource://gre/modules/AsyncShutdown.sys.mjs, line 727: Error: Phase "profile-before-change" is finished, it is too late to register completion condition "OS.File: flush I/O queued before profileBeforeChange"
1681033437862	geckodriver	INFO	Listening on 127.0.0.1:49446
1681033440956	mozrunner::runner	INFO	Running command: "C:\\Program Files\\Mozilla Firefox\\firefox.exe" "--marionette" "--remote-debugging-port" "49447" "--remote-allow-hosts" "localhost" "-no-remote" "-profile" "C:\\Users\\DIEGOB~1\\AppData\\Local\\Temp\\rust_mozprofileJzNIl8"
console.warn: services.settings: Ignoring preference override of remote settings server
console.warn: services.settings: Allow by setting MOZ_REMOTE_SETTINGS_DEVTOOLS=1 in the environment
1681033441615	Marionette	INFO	Marionette enabled
Dynamically enable window occlusion 0
1681033441625	Marionette	INFO	Listening on port 49454
Read port: 49454
WebDriver BiDi listening on ws://127.0.0.1:49447
1681033441985	RemoteAgent	WARN	TLS certificate errors will be ignored for this session
console.warn: SearchSettings: "get: No settings file exists, new profile?" (new NotFoundError("Could not open the file at C:\\Users\\DIEGOB~1\\AppData\\Local\\Temp\\rust_mozprofileJzNIl8\\search.json.mozlz4", (void 0)))
DevTools listening on ws://127.0.0.1:49447/devtools/browser/9e8710ce-6346-478a-ac97-845cbc7459c1
console.error: (new TypeError("this._searchProviderInfo is null", "resource:///modules/SearchSERPTelemetry.sys.mjs", 468))
1681033534308	Marionette	INFO	Stopped listening on port 49454
Dynamically enable window occlusion 1
!!! error running onStopped callback: TypeError: callback is not a function
"--remote-debugging-port" "49522" "--remote-allow-hosts" "localhost" "-no-remote" "-profile" "C:\\Users\\DIEGOB~1\\AppData\\Local\\Temp\\rust_mozprofileKLUKLe"
console.warn: services.settings: Ignoring preference override of remote settings server
console.warn: services.settings: Allow by setting MOZ_REMOTE_SETTINGS_DEVTOOLS=1 in the environment
1681033524546	Marionette	INFO	Marionette enabled
Dynamically enable window occlusion 0
1681033524557	Marionette	INFO	Listening on port 49530
Read port: 49530
WebDriver BiDi listening on ws://127.0.0.1:49522
1681033524957	RemoteAgent	WARN	TLS certificate errors will be ignored for this session
console.warn: SearchSettings: "get: No settings file exists, new profile?" (new NotFoundError("Could not open the file at C:\\Users\\DIEGOB~1\\AppData\\Local\\Temp\\rust_mozprofileKLUKLe\\search.json.mozlz4", (void 0)))
DevTools listening on ws://127.0.0.1:49522/devtools/browser/c375b026-e7ff-4fb8-ae2f-2097b7adde0a
console.error: (new TypeError("this._searchProviderInfo is null", "resource:///modules/SearchSERPTelemetry.sys.mjs", 468))
1681033592994	Marionette	INFO	Stopped listening on port 49530
Dynamically enable window occlusion 1
!!! error running onStopped callback: TypeError: callback is not a function
1681033994038	geckodriver	INFO	Listening on 127.0.0.1:49614
1681033997130	mozrunner::runner	INFO	Running command: "C:\\Program Files\\Mozilla Firefox\\firefox.exe" "--marionette" "--remote-debugging-port" "49615" "--remote-allow-hosts" "localhost" "-no-remote" "-profile" "C:\\Users\\DIEGOB~1\\AppData\\Local\\Temp\\rust_mozprofilehk1qRb"
console.warn: services.settings: Ignoring preference override of remote settings server
console.warn: services.settings: Allow by setting MOZ_REMOTE_SETTINGS_DEVTOOLS=1 in the environment
1681033997817	Marionette	INFO	Marionette enabled
Dynamically enable window occlusion 0
1681033997828	Marionette	INFO	Listening on port 49622
Read port: 49622
WebDriver BiDi listening on ws://127.0.0.1:49615
1681033998204	RemoteAgent	WARN	TLS certificate errors will be ignored for this session
console.warn: SearchSettings: "get: No settings file exists, new profile?" (new NotFoundError("Could not open the file at C:\\Users\\DIEGOB~1\\AppData\\Local\\Temp\\rust_mozprofilehk1qRb\\search.json.mozlz4", (void 0)))
DevTools listening on ws://127.0.0.1:49615/devtools/browser/25a721d7-c8f2-4964-ad33-cc3cb9117664
console.error: (new TypeError("this._searchProviderInfo is null", "resource:///modules/SearchSERPTelemetry.sys.mjs", 468))
1681034026577	Marionette	INFO	Stopped listening on port 49622
Dynamically enable window occlusion 1
WARNING: A blocker encountered an error while we were waiting.
          Blocker:  Waiting for ping task
          Phase: TelemetryController: Waiting for pending ping activity
          State: (none)
WARNING: Error: Phase "profile-before-change" is finished, it is too late to register completion condition "OS.File: flush I/O queued before profileBeforeChange"
WARNING: addBlocker@resource://gre/modules/AsyncShutdown.sys.mjs:727:15
addBlocker@resource://gre/modules/AsyncShutdown.sys.mjs:523:26
addBlocker@resource://gre/modules/AsyncShutdown.sys.mjs:458:15
setupShutdown@resource://gre/modules/osfile/osfile_async_front.jsm:1548:28
@resource://gre/modules/osfile/osfile_async_front.jsm:1568:16
@resource://gre/modules/osfile.jsm:12:30
@resource://gre/modules/TelemetryStorage.sys.mjs:10:28
_checkPendingPings@resource://gre/modules/TelemetrySend.sys.mjs:863:17
setup@resource://gre/modules/TelemetrySend.sys.mjs:803:18
setup@resource://gre/modules/TelemetrySend.sys.mjs:241:30
setupTelemetry/this._delayedInitTask<@resource://gre/modules/TelemetryControllerParent.sys.mjs:828:36
observe@resource://gre/modules/AsyncShutdown.sys.mjs:576:16

console.error: "TelemetryScheduler.shutdown - Already shut down"
WARNING: A blocker encountered an error while we were waiting.
          Blocker:  Waiting for ping task
          Phase: TelemetryController: Waiting for pending ping activity
          State: (none)
WARNING: Error: Phase "profile-before-change" is finished, it is too late to register completion condition "OS.File: flush I/O queued before profileBeforeChange"
WARNING: addBlocker@resource://gre/modules/AsyncShutdown.sys.mjs:727:15
addBlocker@resource://gre/modules/AsyncShutdown.sys.mjs:523:26
addBlocker@resource://gre/modules/AsyncShutdown.sys.mjs:458:15
setupShutdown@resource://gre/modules/osfile/osfile_async_front.jsm:1548:28
@resource://gre/modules/osfile/osfile_async_front.jsm:1568:16
@resource://gre/modules/osfile.jsm:12:30
@resource://gre/modules/TelemetryStorage.sys.mjs:10:28
_checkPendingPings@resource://gre/modules/TelemetrySend.sys.mjs:863:17
setup@resource://gre/modules/TelemetrySend.sys.mjs:803:18
setup@resource://gre/modules/TelemetrySend.sys.mjs:241:30
setupTelemetry/this._delayedInitTask<@resource://gre/modules/TelemetryControllerParent.sys.mjs:828:36
observe@resource://gre/modules/AsyncShutdown.sys.mjs:576:16

WARNING: A blocker encountered an error while we were waiting.
          Blocker:  Waiting for ping task
          Phase: TelemetryController: Waiting for pending ping activity
          State: (none)
WARNING: Error: Phase "profile-before-change" is finished, it is too late to register completion condition "OS.File: flush I/O queued before profileBeforeChange"
WARNING: addBlocker@resource://gre/modules/AsyncShutdown.sys.mjs:727:15
addBlocker@resource://gre/modules/AsyncShutdown.sys.mjs:523:26
addBlocker@resource://gre/modules/AsyncShutdown.sys.mjs:458:15
setupShutdown@resource://gre/modules/osfile/osfile_async_front.jsm:1548:28
@resource://gre/modules/osfile/osfile_async_front.jsm:1568:16
@resource://gre/modules/osfile.jsm:12:30
@resource://gre/modules/TelemetryStorage.sys.mjs:10:28
_checkPendingPings@resource://gre/modules/TelemetrySend.sys.mjs:863:17
setup@resource://gre/modules/TelemetrySend.sys.mjs:803:18
setup@resource://gre/modules/TelemetrySend.sys.mjs:241:30
setupTelemetry/this._delayedInitTask<@resource://gre/modules/TelemetryControllerParent.sys.mjs:828:36
observe@resource://gre/modules/AsyncShutdown.sys.mjs:576:16

WARNING: A blocker encountered an error while we were waiting.
          Blocker:  TelemetryController: shutting down
          Phase: profile-before-change-telemetry
          State: Error getting state: Error: Phase "profile-before-change" is finished, it is too late to register completion condition "OS.File: flush I/O queued before profileBeforeChange" at addBlocker@resource://gre/modules/AsyncShutdown.sys.mjs:727:15
addBlocker@resource://gre/modules/AsyncShutdown.sys.mjs:523:26
addBlocker@resource://gre/modules/AsyncShutdown.sys.mjs:458:15
setupShutdown@resource://gre/modules/osfile/osfile_async_front.jsm:1548:28
@resource://gre/modules/osfile/osfile_async_front.jsm:1568:16
@resource://gre/modules/osfile.jsm:12:30
@resource://gre/modules/TelemetryStorage.sys.mjs:10:28
_checkPendingPings@resource://gre/modules/TelemetrySend.sys.mjs:863:17
setup@resource://gre/modules/TelemetrySend.sys.mjs:803:18
setup@resource://gre/modules/TelemetrySend.sys.mjs:241:30
setupTelemetry/this._delayedInitTask<@resource://gre/modules/TelemetryControllerParent.sys.mjs:828:36
observe@resource://gre/modules/AsyncShutdown.sys.mjs:576:16

WARNING: Error: Phase "profile-before-change" is finished, it is too late to register completion condition "OS.File: flush I/O queued before profileBeforeChange"
WARNING: addBlocker@resource://gre/modules/AsyncShutdown.sys.mjs:727:15
addBlocker@resource://gre/modules/AsyncShutdown.sys.mjs:523:26
addBlocker@resource://gre/modules/AsyncShutdown.sys.mjs:458:15
setupShutdown@resource://gre/modules/osfile/osfile_async_front.jsm:1548:28
@resource://gre/modules/osfile/osfile_async_front.jsm:1568:16
@resource://gre/modules/osfile.jsm:12:30
@resource://gre/modules/TelemetryStorage.sys.mjs:10:28
_checkPendingPings@resource://gre/modules/TelemetrySend.sys.mjs:863:17
setup@resource://gre/modules/TelemetrySend.sys.mjs:803:18
setup@resource://gre/modules/TelemetrySend.sys.mjs:241:30
setupTelemetry/this._delayedInitTask<@resource://gre/modules/TelemetryControllerParent.sys.mjs:828:36
observe@resource://gre/modules/AsyncShutdown.sys.mjs:576:16

JavaScript error: resource://gre/modules/AsyncShutdown.sys.mjs, line 727: Error: Phase "profile-before-change" is finished, it is too late to register completion condition "OS.File: flush I/O queued before profileBeforeChange"
JavaScript error: resource://gre/modules/AsyncShutdown.sys.mjs, line 727: Error: Phase "profile-before-change" is finished, it is too late to register completion condition "OS.File: flush I/O queued before profileBeforeChange"
JavaScript error: resource://gre/modules/AsyncShutdown.sys.mjs, line 727: Error: Phase "profile-before-change" is finished, it is too late to register completion condition "OS.File: flush I/O queued before profileBeforeChange"
JavaScript error: resource://gre/modules/AsyncShutdown.sys.mjs, line 727: Error: Phase "profile-before-change" is finished, it is too late to register completion condition "OS.File: flush I/O queued before profileBeforeChange"
JavaScript error: resource://gre/modules/AsyncShutdown.sys.mjs, line 727: Error: Phase "profile-before-change" is finished, it is too late to register completion condition "OS.File: flush I/O queued before profileBeforeChange"
JavaScript error: resource://gre/modules/AsyncShutdown.sys.mjs, line 727: Error: Phase "profile-before-change" is finished, it is too late to register completion condition "OS.File: flush I/O queued before profileBeforeChange"
1681034077594	geckodriver	INFO	Listening on 127.0.0.1:49662
1681034080649	mozrunner::runner	INFO	Running command: "C:\\Program Files\\Mozilla Firefox\\firefox.exe" "--marionette" "--remote-debugging-port" "49663" "--remote-allow-hosts" "localhost" "-no-remote" "-profile" "C:\\Users\\DIEGOB~1\\AppData\\Local\\Temp\\rust_mozprofileuLY33s"
console.warn: services.settings: Ignoring preference override of remote settings server
console.warn: services.settings: Allow by setting MOZ_REMOTE_SETTINGS_DEVTOOLS=1 in the environment
1681034081371	Marionette	INFO	Marionette enabled
Dynamically enable window occlusion 0
1681034081381	Marionette	INFO	Listening on port 49676
Read port: 49676
WebDriver BiDi listening on ws://127.0.0.1:49663
1681034081767	RemoteAgent	WARN	TLS certificate errors will be ignored for this session
console.warn: SearchSettings: "get: No settings file exists, new profile?" (new NotFoundError("Could not open the file at C:\\Users\\DIEGOB~1\\AppData\\Local\\Temp\\rust_mozprofileuLY33s\\search.json.mozlz4", (void 0)))
DevTools listening on ws://127.0.0.1:49663/devtools/browser/2f89083d-a394-43be-bf33-cee5dd40cffc
console.error: (new TypeError("this._searchProviderInfo is null", "resource:///modules/SearchSERPTelemetry.sys.mjs", 468))
1681034323145	Marionette	INFO	Stopped listening on port 49676
Dynamically enable window occlusion 1
ng command: "C:\\Program Files\\Mozilla Firefox\\firefox.exe" "--marionette" "--remote-debugging-port" "49716" "--remote-allow-hosts" "localhost" "-no-remote" "-profile" "C:\\Users\\DIEGOB~1\\AppData\\Local\\Temp\\rust_mozprofileYh0tKw"
console.warn: services.settings: Ignoring preference override of remote settings server
console.warn: services.settings: Allow by setting MOZ_REMOTE_SETTINGS_DEVTOOLS=1 in the environment
1681034118686	Marionette	INFO	Marionette enabled
Dynamically enable window occlusion 0
1681034118696	Marionette	INFO	Listening on port 49725
Read port: 49725
WebDriver BiDi listening on ws://127.0.0.1:49716
1681034119101	RemoteAgent	WARN	TLS certificate errors will be ignored for this session
console.warn: SearchSettings: "get: No settings file exists, new profile?" (new NotFoundError("Could not open the file at C:\\Users\\DIEGOB~1\\AppData\\Local\\Temp\\rust_mozprofileYh0tKw\\search.json.mozlz4", (void 0)))
DevTools listening on ws://127.0.0.1:49716/devtools/browser/c7b994bd-1991-4e1d-979c-2c222e77b1a4
console.error: (new TypeError("this._searchProviderInfo is null", "resource:///modules/SearchSERPTelemetry.sys.mjs", 468))
1681034201173	Marionette	INFO	Stopped listening on port 49725
Dynamically enable window occlusion 1
!!! error running onStopped callback: TypeError: callback is not a function
1681035042152	geckodriver	INFO	Listening on 127.0.0.1:49828
1681035265442	geckodriver	INFO	Listening on 127.0.0.1:49858
1681035387952	geckodriver	INFO	Listening on 127.0.0.1:49872
1681035588114	geckodriver	INFO	Listening on 127.0.0.1:49895
1681035623185	geckodriver	INFO	Listening on 127.0.0.1:49904
1681035626237	mozrunner::runner	INFO	Running command: "C:\\Program Files\\Mozilla Firefox\\firefox.exe" "--marionette" "--remote-debugging-port" "49905" "--remote-allow-hosts" "localhost" "-no-remote" "-profile" "C:\\Users\\DIEGOB~1\\AppData\\Local\\Temp\\rust_mozprofile5PziCV"
console.warn: services.settings: Ignoring preference override of remote settings server
console.warn: services.settings: Allow by setting MOZ_REMOTE_SETTINGS_DEVTOOLS=1 in the environment
1681035627063	Marionette	INFO	Marionette enabled
Dynamically enable window occlusion 0
1681035627095	Marionette	INFO	Listening on port 49912
Read port: 49912
WebDriver BiDi listening on ws://127.0.0.1:49905
1681035627716	RemoteAgent	WARN	TLS certificate errors will be ignored for this session
1681036120329	geckodriver	INFO	Listening on 127.0.0.1:49983
1681036123445	mozrunner::runner	INFO	Running command: "C:\\Program Files\\Mozilla Firefox\\firefox.exe" "--marionette" "--remote-debugging-port" "49984" "--remote-allow-hosts" "localhost" "-no-remote" "-profile" "C:\\Users\\DIEGOB~1\\AppData\\Local\\Temp\\rust_mozprofileHJvmXy"
console.warn: services.settings: Ignoring preference override of remote settings server
console.warn: services.settings: Allow by setting MOZ_REMOTE_SETTINGS_DEVTOOLS=1 in the environment
1681036124139	Marionette	INFO	Marionette enabled
Dynamically enable window occlusion 0
1681036124149	Marionette	INFO	Listening on port 49991
Read port: 49991
WebDriver BiDi listening on ws://127.0.0.1:49984
1681036124528	RemoteAgent	WARN	TLS certificate errors will be ignored for this session
1681036264920	geckodriver	INFO	Listening on 127.0.0.1:50011
1681036267969	mozrunner::runner	INFO	Running command: "C:\\Program Files\\Mozilla Firefox\\firefox.exe" "--marionette" "--remote-debugging-port" "50012" "--remote-allow-hosts" "localhost" "-no-remote" "-profile" "C:\\Users\\DIEGOB~1\\AppData\\Local\\Temp\\rust_mozprofileJQe5d4"
console.warn: services.settings: Ignoring preference override of remote settings server
console.warn: services.settings: Allow by setting MOZ_REMOTE_SETTINGS_DEVTOOLS=1 in the environment
1681036268851	Marionette	INFO	Marionette enabled
Dynamically enable window occlusion 0
1681036268864	Marionette	INFO	Listening on port 50019
Read port: 50019
WebDriver BiDi listening on ws://127.0.0.1:50012
1681036269218	RemoteAgent	WARN	TLS certificate errors will be ignored for this session
1681036553536	geckodriver	INFO	Listening on 127.0.0.1:50057
